0 info it worked if it ends with ok
1 verbose cli [ 'node', '/usr/local/bin/npm', 'install', 'jave' ]
2 info using npm@1.4.28
3 info using node@v0.10.34
4 verbose config Skipping project config: /Users/camillemalonzo/.npmrc. (matches userconfig)
5 verbose cache add [ 'jave', null ]
6 verbose cache add name=undefined spec="jave" args=["jave",null]
7 verbose parsed url { protocol: null,
7 verbose parsed url   slashes: null,
7 verbose parsed url   auth: null,
7 verbose parsed url   host: null,
7 verbose parsed url   port: null,
7 verbose parsed url   hostname: null,
7 verbose parsed url   hash: null,
7 verbose parsed url   search: null,
7 verbose parsed url   query: null,
7 verbose parsed url   pathname: 'jave',
7 verbose parsed url   path: 'jave',
7 verbose parsed url   href: 'jave' }
8 silly lockFile bab5dcb9-jave jave
9 verbose lock jave /Users/camillemalonzo/.npm/bab5dcb9-jave.lock
10 silly lockFile bab5dcb9-jave jave
11 silly lockFile bab5dcb9-jave jave
12 verbose addNamed [ 'jave', '' ]
13 verbose addNamed [ null, '*' ]
14 silly lockFile e247f73e-jave jave@
15 verbose lock jave@ /Users/camillemalonzo/.npm/e247f73e-jave.lock
16 silly addNameRange { name: 'jave', range: '*', hasData: false }
17 verbose request where is /jave
18 verbose request registry https://registry.npmjs.org/
19 verbose request id 62b996b824ec0f3f
20 verbose url raw /jave
21 verbose url resolving [ 'https://registry.npmjs.org/', './jave' ]
22 verbose url resolved https://registry.npmjs.org/jave
23 verbose request where is https://registry.npmjs.org/jave
24 info trying registry request attempt 1 at 12:26:52
25 http GET https://registry.npmjs.org/jave
26 http 404 https://registry.npmjs.org/jave
27 verbose headers { date: 'Fri, 09 Jan 2015 17:26:53 GMT',
27 verbose headers   server: 'CouchDB/1.5.0 (Erlang OTP/R16B03)',
27 verbose headers   'content-type': 'application/json',
27 verbose headers   'cache-control': 'max-age=0',
27 verbose headers   'content-length': '52',
27 verbose headers   'accept-ranges': 'bytes',
27 verbose headers   via: '1.1 varnish',
27 verbose headers   age: '0',
27 verbose headers   'x-served-by': 'cache-atl6233-ATL',
27 verbose headers   'x-cache': 'MISS',
27 verbose headers   'x-cache-hits': '0',
27 verbose headers   'x-timer': 'S1420824412.945151,VS0,VE77',
27 verbose headers   'keep-alive': 'timeout=10, max=50',
27 verbose headers   connection: 'Keep-Alive' }
28 silly registry.get cb [ 404,
28 silly registry.get   { date: 'Fri, 09 Jan 2015 17:26:53 GMT',
28 silly registry.get     server: 'CouchDB/1.5.0 (Erlang OTP/R16B03)',
28 silly registry.get     'content-type': 'application/json',
28 silly registry.get     'cache-control': 'max-age=0',
28 silly registry.get     'content-length': '52',
28 silly registry.get     'accept-ranges': 'bytes',
28 silly registry.get     via: '1.1 varnish',
28 silly registry.get     age: '0',
28 silly registry.get     'x-served-by': 'cache-atl6233-ATL',
28 silly registry.get     'x-cache': 'MISS',
28 silly registry.get     'x-cache-hits': '0',
28 silly registry.get     'x-timer': 'S1420824412.945151,VS0,VE77',
28 silly registry.get     'keep-alive': 'timeout=10, max=50',
28 silly registry.get     connection: 'Keep-Alive' } ]
29 silly lockFile e247f73e-jave jave@
30 silly lockFile e247f73e-jave jave@
31 error 404 404 Not Found: jave
31 error 404
31 error 404 'jave' is not in the npm registry.
31 error 404 You should bug the author to publish it
31 error 404
31 error 404 Note that you can also install from a
31 error 404 tarball, folder, or http url, or git url.
32 error System Darwin 14.0.0
33 error command "node" "/usr/local/bin/npm" "install" "jave"
34 error cwd /Users/camillemalonzo/GitHub/winterbreak2014/ExpressJs
35 error node -v v0.10.34
36 error npm -v 1.4.28
37 error code E404
38 verbose exit [ 1, true ]
